# JRE version: OpenJDK Runtime Environment Temurin-21.0.12.1+1 (21.0.12.1+1) (build 21.0.12.1+1-LTS)
# Java VM: OpenJDK 64-Bit Server VM Temurin-21.0.12.1+1 (21.0.12.1+1-LTS, mixed mode, sharing, tiered, compressed oops, compressed class ptrs, parallel gc, windows-amd64)
GC Precious Log:
 CardTable entry size: 512
 CPUs: 8 total, 8 available
 Memory: 16078M
 Large Page Support: Disabled
 NUMA Support: Disabled
 Compressed Oops: Enabled (32-bit)
 Alignments: Space 512K, Generation 512K, Heap 2M
 Heap Min Capacity: 100M
 Heap Initial Capacity: 100M
 Heap Max Capacity: 2G
 Pre-touch: Disabled
 Parallel Workers: 8
Heap:
 PSYoungGen      total 4096K, used 1801K [0x00000000d5580000, 0x00000000d5b80000, 0x0000000100000000)
  eden space 2560K, 57% used [0x00000000d5580000,0x00000000d56f27e0,0x00000000d5800000)
  from space 1536K, 20% used [0x00000000d5900000,0x00000000d5950000,0x00000000d5a80000)
  to   space 1024K, 0% used [0x00000000d5a80000,0x00000000d5a80000,0x00000000d5b80000)
 ParOldGen       total 1027584K, used 1027453K [0x0000000080000000, 0x00000000beb80000, 0x00000000d5580000)
  object space 1027584K, 99% used [0x0000000080000000,0x00000000beb5f790,0x00000000beb80000)
 Metaspace       used 83653K, committed 85312K, reserved 1179648K
  class space    used 8479K, committed 9216K, reserved 1048576K
GC Heap History (20 events):
Event: 1214.354 GC heap before
{Heap before GC invocations=2248 (full 4):
 PSYoungGen      total 5120K, used 5088K [0x00000000d5580000, 0x00000000d5c80000, 0x0000000100000000)
  eden space 4608K, 100% used [0x00000000d5580000,0x00000000d5a00000,0x00000000d5a00000)
  from space 512K, 93% used [0x00000000d5a00000,0x00000000d5a78000,0x00000000d5a80000)
  to   space 1024K, 0% used [0x00000000d5b80000,0x00000000d5b80000,0x00000000d5c80000)
 ParOldGen       total 1017856K, used 1017707K [0x0000000080000000, 0x00000000be200000, 0x00000000d5580000)
  object space 1017856K, 99% used [0x0000000080000000,0x00000000be1dad08,0x00000000be200000)
 Metaspace       used 83267K, committed 84928K, reserved 1179648K
  class space    used 8425K, committed 9152K, reserved 1048576K
}
Event: 1214.357 GC heap after
{Heap after GC invocations=2248 (full 4):
 PSYoungGen      total 5120K, used 496K [0x00000000d5580000, 0x00000000d5c00000, 0x0000000100000000)
  eden space 4608K, 0% used [0x00000000d5580000,0x00000000d5580000,0x00000000d5a00000)
  from space 512K, 96% used [0x00000000d5b80000,0x00000000d5bfc010,0x00000000d5c00000)
  to   space 1024K, 0% used [0x00000000d5a00000,0x00000000d5a00000,0x00000000d5b00000)
 ParOldGen       total 1018368K, used 1018111K [0x0000000080000000, 0x00000000be280000, 0x00000000d5580000)
  object space 1018368K, 99% used [0x0000000080000000,0x00000000be23fd38,0x00000000be280000)
 Metaspace       used 83267K, committed 84928K, reserved 1179648K
  class space    used 8425K, committed 9152K, reserved 1048576K
}
Event: 1214.371 GC heap before
{Heap before GC invocations=2249 (full 4):
 PSYoungGen      total 5120K, used 5104K [0x00000000d5580000, 0x00000000d5c00000, 0x0000000100000000)
  eden space 4608K, 100% used [0x00000000d5580000,0x00000000d5a00000,0x00000000d5a00000)
  from space 512K, 96% used [0x00000000d5b80000,0x00000000d5bfc010,0x00000000d5c00000)
  to   space 1024K, 0% used [0x00000000d5a00000,0x00000000d5a00000,0x00000000d5b00000)
 ParOldGen       total 1018368K, used 1018111K [0x0000000080000000, 0x00000000be280000, 0x00000000d5580000)
  object space 1018368K, 99% used [0x0000000080000000,0x00000000be23fd38,0x00000000be280000)
 Metaspace       used 83267K, committed 84928K, reserved 1179648K
  class space    used 8425K, committed 9152K, reserved 1048576K
}
Event: 1214.374 GC heap after
{Heap after GC invocations=2249 (full 4):
 PSYoungGen      total 5632K, used 544K [0x00000000d5580000, 0x00000000d5c00000, 0x0000000100000000)
  eden space 4608K, 0% used [0x00000000d5580000,0x00000000d5580000,0x00000000d5a00000)
  from space 1024K, 53% used [0x00000000d5a00000,0x00000000d5a88020,0x00000000d5b00000)
  to   space 1024K, 0% used [0x00000000d5b00000,0x00000000d5b00000,0x00000000d5c00000)
 ParOldGen       total 1018880K, used 1018455K [0x0000000080000000, 0x00000000be300000, 0x00000000d5580000)
  object space 1018880K, 99% used [0x0000000080000000,0x00000000be295d58,0x00000000be300000)
 Metaspace       used 83267K, committed 84928K, reserved 1179648K
  class space    used 8425K, committed 9152K, reserved 1048576K
}
Event: 1214.387 GC heap before
{Heap before GC invocations=2250 (full 4):
 PSYoungGen      total 5632K, used 5152K [0x00000000d5580000, 0x00000000d5c00000, 0x0000000100000000)
  eden space 4608K, 100% used [0x00000000d5580000,0x00000000d5a00000,0x00000000d5a00000)
  from space 1024K, 53% used [0x00000000d5a00000,0x00000000d5a88020,0x00000000d5b00000)
  to   space 1024K, 0% used [0x00000000d5b00000,0x00000000d5b00000,0x00000000d5c00000)
 ParOldGen       total 1018880K, used 1018455K [0x0000000080000000, 0x00000000be300000, 0x00000000d5580000)
  object space 1018880K, 99% used [0x0000000080000000,0x00000000be295d58,0x00000000be300000)
 Metaspace       used 83267K, committed 84928K, reserved 1179648K
  class space    used 8425K, committed 9152K, reserved 1048576K
}
Event: 1214.390 GC heap after
{Heap after GC invocations=2250 (full 4):
 PSYoungGen      total 5120K, used 480K [0x00000000d5580000, 0x00000000d5b80000, 0x0000000100000000)
  eden space 4608K, 0% used [0x00000000d5580000,0x00000000d5580000,0x00000000d5a00000)
  from space 512K, 93% used [0x00000000d5b00000,0x00000000d5b78000,0x00000000d5b80000)
  to   space 512K, 0% used [0x00000000d5a80000,0x00000000d5a80000,0x00000000d5b00000)
 ParOldGen       total 1018880K, used 1018867K [0x0000000080000000, 0x00000000be300000, 0x00000000d5580000)
  object space 1018880K, 99% used [0x0000000080000000,0x00000000be2fcdc8,0x00000000be300000)
 Metaspace       used 83267K, committed 84928K, reserved 1179648K
  class space    used 8425K, committed 9152K, reserved 1048576K
}
Event: 1214.410 GC heap before
{Heap before GC invocations=2251 (full 4):
 PSYoungGen      total 5120K, used 5088K [0x00000000d5580000, 0x00000000d5b80000, 0x0000000100000000)
  eden space 4608K, 100% used [0x00000000d5580000,0x00000000d5a00000,0x00000000d5a00000)
  from space 512K, 93% used [0x00000000d5b00000,0x00000000d5b78000,0x00000000d5b80000)
  to   space 512K, 0% used [0x00000000d5a80000,0x00000000d5a80000,0x00000000d5b00000)
 ParOldGen       total 1018880K, used 1018867K [0x0000000080000000, 0x00000000be300000, 0x00000000d5580000)
  object space 1018880K, 99% used [0x0000000080000000,0x00000000be2fcdc8,0x00000000be300000)
 Metaspace       used 83280K, committed 84928K, reserved 1179648K
  class space    used 8425K, committed 9152K, reserved 1048576K
}
Event: 1214.413 GC heap after
{Heap after GC invocations=2251 (full 4):
 PSYoungGen      total 5120K, used 512K [0x00000000d5580000, 0x00000000d5c00000, 0x0000000100000000)
  eden space 4608K, 0% used [0x00000000d5580000,0x00000000d5580000,0x00000000d5a00000)
  from space 512K, 100% used [0x00000000d5a80000,0x00000000d5b00000,0x00000000d5b00000)
  to   space 1024K, 0% used [0x00000000d5b00000,0x00000000d5b00000,0x00000000d5c00000)
 ParOldGen       total 1019392K, used 1019235K [0x0000000080000000, 0x00000000be380000, 0x00000000d5580000)
  object space 1019392K, 99% used [0x0000000080000000,0x00000000be358e28,0x00000000be380000)
 Metaspace       used 83280K, committed 84928K, reserved 1179648K
  class space    used 8425K, committed 9152K, reserved 1048576K
}
Event: 1243.990 GC heap before
{Heap before GC invocations=2252 (full 4):
 PSYoungGen      total 5120K, used 5108K [0x00000000d5580000, 0x00000000d5c00000, 0x0000000100000000)
  eden space 4608K, 99% used [0x00000000d5580000,0x00000000d59fd018,0x00000000d5a00000)
  from space 512K, 100% used [0x00000000d5a80000,0x00000000d5b00000,0x00000000d5b00000)
  to   space 1024K, 0% used [0x00000000d5b00000,0x00000000d5b00000,0x00000000d5c00000)
 ParOldGen       total 1019392K, used 1019235K [0x0000000080000000, 0x00000000be380000, 0x00000000d5580000)
  object space 1019392K, 99% used [0x0000000080000000,0x00000000be358e28,0x00000000be380000)
 Metaspace       used 83404K, committed 84992K, reserved 1179648K
  class space    used 8440K, committed 9152K, reserved 1048576K
}
Event: 1243.993 GC heap after
{Heap after GC invocations=2252 (full 4):
 PSYoungGen      total 5632K, used 674K [0x00000000d5580000, 0x00000000d5c00000, 0x0000000100000000)
  eden space 4608K, 0% used [0x00000000d5580000,0x00000000d5580000,0x00000000d5a00000)
  from space 1024K, 65% used [0x00000000d5b00000,0x00000000d5ba88e0,0x00000000d5c00000)
  to   space 1024K, 0% used [0x00000000d5a00000,0x00000000d5a00000,0x00000000d5b00000)
 ParOldGen       total 1019904K, used 1019615K [0x0000000080000000, 0x00000000be400000, 0x00000000d5580000)
  object space 1019904K, 99% used [0x0000000080000000,0x00000000be3b7e78,0x00000000be400000)
 Metaspace       used 83404K, committed 84992K, reserved 1179648K
  class space    used 8440K, committed 9152K, reserved 1048576K
}
Event: 1244.026 GC heap before
{Heap before GC invocations=2253 (full 4):
 PSYoungGen      total 5632K, used 5282K [0x00000000d5580000, 0x00000000d5c00000, 0x0000000100000000)
  eden space 4608K, 100% used [0x00000000d5580000,0x00000000d5a00000,0x00000000d5a00000)
  from space 1024K, 65% used [0x00000000d5b00000,0x00000000d5ba88e0,0x00000000d5c00000)
  to   space 1024K, 0% used [0x00000000d5a00000,0x00000000d5a00000,0x00000000d5b00000)
 ParOldGen       total 1019904K, used 1019615K [0x0000000080000000, 0x00000000be400000, 0x00000000d5580000)
  object space 1019904K, 99% used [0x0000000080000000,0x00000000be3b7e78,0x00000000be400000)
 Metaspace       used 83570K, committed 85248K, reserved 1179648K
  class space    used 8459K, committed 9216K, reserved 1048576K
}
Event: 1244.029 GC heap after
{Heap after GC invocations=2253 (full 4):
 PSYoungGen      total 5632K, used 1014K [0x00000000d5580000, 0x00000000d6000000, 0x0000000100000000)
  eden space 4608K, 0% used [0x00000000d5580000,0x00000000d5580000,0x00000000d5a00000)
  from space 1024K, 99% used [0x00000000d5a00000,0x00000000d5afdb98,0x00000000d5b00000)
  to   space 3072K, 0% used [0x00000000d5d00000,0x00000000d5d00000,0x00000000d6000000)
 ParOldGen       total 1021440K, used 1021098K [0x0000000080000000, 0x00000000be580000, 0x00000000d5580000)
  object space 1021440K, 99% used [0x0000000080000000,0x00000000be52aa08,0x00000000be580000)
 Metaspace       used 83570K, committed 85248K, reserved 1179648K
  class space    used 8459K, committed 9216K, reserved 1048576K
}
Event: 1244.047 GC heap before
{Heap before GC invocations=2254 (full 4):
 PSYoungGen      total 5632K, used 5622K [0x00000000d5580000, 0x00000000d6000000, 0x0000000100000000)
  eden space 4608K, 100% used [0x00000000d5580000,0x00000000d5a00000,0x00000000d5a00000)
  from space 1024K, 99% used [0x00000000d5a00000,0x00000000d5afdb98,0x00000000d5b00000)
  to   space 3072K, 0% used [0x00000000d5d00000,0x00000000d5d00000,0x00000000d6000000)
 ParOldGen       total 1021440K, used 1021098K [0x0000000080000000, 0x00000000be580000, 0x00000000d5580000)
  object space 1021440K, 99% used [0x0000000080000000,0x00000000be52aa08,0x00000000be580000)
 Metaspace       used 83570K, committed 85248K, reserved 1179648K
  class space    used 8459K, committed 9216K, reserved 1048576K
}
Event: 1244.050 GC heap after
{Heap after GC invocations=2254 (full 4):
 PSYoungGen      total 5120K, used 3064K [0x00000000d5580000, 0x00000000d6500000, 0x0000000100000000)
  eden space 2048K, 0% used [0x00000000d5580000,0x00000000d5580000,0x00000000d5780000)
  from space 3072K, 99% used [0x00000000d5d00000,0x00000000d5ffe0c0,0x00000000d6000000)
  to   space 5632K, 0% used [0x00000000d5780000,0x00000000d5780000,0x00000000d5d00000)
 ParOldGen       total 1022976K, used 1022869K [0x0000000080000000, 0x00000000be700000, 0x00000000d5580000)
  object space 1022976K, 99% used [0x0000000080000000,0x00000000be6e5598,0x00000000be700000)
 Metaspace       used 83570K, committed 85248K, reserved 1179648K
  class space    used 8459K, committed 9216K, reserved 1048576K
}
Event: 1244.074 GC heap before
{Heap before GC invocations=2255 (full 4):
 PSYoungGen      total 5120K, used 5112K [0x00000000d5580000, 0x00000000d6500000, 0x0000000100000000)
  eden space 2048K, 100% used [0x00000000d5580000,0x00000000d5780000,0x00000000d5780000)
  from space 3072K, 99% used [0x00000000d5d00000,0x00000000d5ffe0c0,0x00000000d6000000)
  to   space 5632K, 0% used [0x00000000d5780000,0x00000000d5780000,0x00000000d5d00000)
 ParOldGen       total 1022976K, used 1022869K [0x0000000080000000, 0x00000000be700000, 0x00000000d5580000)
  object space 1022976K, 99% used [0x0000000080000000,0x00000000be6e5598,0x00000000be700000)
 Metaspace       used 83638K, committed 85248K, reserved 1179648K
  class space    used 8479K, committed 9216K, reserved 1048576K
}
Event: 1244.078 GC heap after
{Heap after GC invocations=2255 (full 4):
 PSYoungGen      total 3584K, used 1249K [0x00000000d5580000, 0x00000000d5d80000, 0x0000000100000000)
  eden space 2048K, 0% used [0x00000000d5580000,0x00000000d5580000,0x00000000d5780000)
  from space 1536K, 81% used [0x00000000d5780000,0x00000000d58b8418,0x00000000d5900000)
  to   space 2560K, 0% used [0x00000000d5b00000,0x00000000d5b00000,0x00000000d5d80000)
 ParOldGen       total 1026048K, used 1025895K [0x0000000080000000, 0x00000000bea00000, 0x00000000d5580000)
  object space 1026048K, 99% used [0x0000000080000000,0x00000000be9d9f80,0x00000000bea00000)
 Metaspace       used 83638K, committed 85248K, reserved 1179648K
  class space    used 8479K, committed 9216K, reserved 1048576K
}
Event: 1244.084 GC heap before
{Heap before GC invocations=2256 (full 4):
 PSYoungGen      total 3584K, used 3282K [0x00000000d5580000, 0x00000000d5d80000, 0x0000000100000000)
  eden space 2048K, 99% used [0x00000000d5580000,0x00000000d577c448,0x00000000d5780000)
  from space 1536K, 81% used [0x00000000d5780000,0x00000000d58b8418,0x00000000d5900000)
  to   space 2560K, 0% used [0x00000000d5b00000,0x00000000d5b00000,0x00000000d5d80000)
 ParOldGen       total 1026048K, used 1025895K [0x0000000080000000, 0x00000000bea00000, 0x00000000d5580000)
  object space 1026048K, 99% used [0x0000000080000000,0x00000000be9d9f80,0x00000000bea00000)
 Metaspace       used 83639K, committed 85248K, reserved 1179648K
  class space    used 8479K, committed 9216K, reserved 1048576K
}
Event: 1244.088 GC heap after
{Heap after GC invocations=2256 (full 4):
 PSYoungGen      total 3072K, used 672K [0x00000000d5580000, 0x00000000d5c00000, 0x0000000100000000)
  eden space 2048K, 0% used [0x00000000d5580000,0x00000000d5580000,0x00000000d5780000)
  from space 1024K, 65% used [0x00000000d5b00000,0x00000000d5ba8010,0x00000000d5c00000)
  to   space 1536K, 0% used [0x00000000d5900000,0x00000000d5900000,0x00000000d5a80000)
 ParOldGen       total 1027584K, used 1027085K [0x0000000080000000, 0x00000000beb80000, 0x00000000d5580000)
  object space 1027584K, 99% used [0x0000000080000000,0x00000000beb03790,0x00000000beb80000)
 Metaspace       used 83639K, committed 85248K, reserved 1179648K
  class space    used 8479K, committed 9216K, reserved 1048576K
}
Event: 1244.092 GC heap before
{Heap before GC invocations=2257 (full 4):
 PSYoungGen      total 3072K, used 2720K [0x00000000d5580000, 0x00000000d5c00000, 0x0000000100000000)
  eden space 2048K, 100% used [0x00000000d5580000,0x00000000d5780000,0x00000000d5780000)
  from space 1024K, 65% used [0x00000000d5b00000,0x00000000d5ba8010,0x00000000d5c00000)
  to   space 1536K, 0% used [0x00000000d5900000,0x00000000d5900000,0x00000000d5a80000)
 ParOldGen       total 1027584K, used 1027085K [0x0000000080000000, 0x00000000beb80000, 0x00000000d5580000)
  object space 1027584K, 99% used [0x0000000080000000,0x00000000beb03790,0x00000000beb80000)
 Metaspace       used 83639K, committed 85248K, reserved 1179648K
  class space    used 8479K, committed 9216K, reserved 1048576K
}
Event: 1244.094 GC heap after
{Heap after GC invocations=2257 (full 4):
 PSYoungGen      total 4096K, used 320K [0x00000000d5580000, 0x00000000d5b80000, 0x0000000100000000)
  eden space 2560K, 0% used [0x00000000d5580000,0x00000000d5580000,0x00000000d5800000)
  from space 1536K, 20% used [0x00000000d5900000,0x00000000d5950000,0x00000000d5a80000)
  to   space 1024K, 0% used [0x00000000d5a80000,0x00000000d5a80000,0x00000000d5b80000)
 ParOldGen       total 1027584K, used 1027453K [0x0000000080000000, 0x00000000beb80000, 0x00000000d5580000)
  object space 1027584K, 99% used [0x0000000080000000,0x00000000beb5f790,0x00000000beb80000)
 Metaspace       used 83639K, committed 85248K, reserved 1179648K
  class space    used 8479K, committed 9216K, reserved 1048576K
}

